# JRE version: OpenJDK Runtime Environment Temurin-21.0.6+7 (21.0.6+7) (build 21.0.6+7-LTS)
# Java VM: OpenJDK 64-Bit Server VM Temurin-21.0.6+7 (21.0.6+7-LTS, mixed mode, sharing, tiered, compressed oops, compressed class ptrs, g1 gc, windows-amd64)
GC Precious Log:
 CardTable entry size: 512
 Card Set container configuration: InlinePtr #cards 5 size 8 Array Of Cards #cards 12 size 40 Howl #buckets 4 coarsen threshold 1843 Howl Bitmap #cards 512 size 80 coarsen threshold 460 Card regions per heap region 1 cards per card region 2048
 CPUs: 12 total, 12 available
 Memory: 6005M
 Large Page Support: Disabled
 NUMA Support: Disabled
 Compressed Oops: Enabled (32-bit)
 Heap Region Size: 1M
 Heap Min Capacity: 8M
 Heap Initial Capacity: 94M
 Heap Max Capacity: 2G
 Pre-touch: Disabled
 Parallel Workers: 10
 Concurrent Workers: 3
 Concurrent Refinement Workers: 10
 Periodic GC: Disabled
Heap:
 garbage-first heap   total 280576K, used 196480K [0x0000000080000000, 0x0000000100000000)
  region size 1024K, 123 young (125952K), 17 survivors (17408K)
 Metaspace       used 69592K, committed 71232K, reserved 1114112K
  class space    used 7318K, committed 8064K, reserved 1048576K
GC Heap History (20 events):
Event: 12.038 GC heap before
{Heap before GC invocations=34 (full 0):
 garbage-first heap   total 115712K, used 103386K [0x0000000080000000, 0x0000000100000000)
  region size 1024K, 45 young (46080K), 4 survivors (4096K)
 Metaspace       used 57094K, committed 58496K, reserved 1114112K
  class space    used 5955K, committed 6592K, reserved 1048576K
}
Event: 12.042 GC heap after
{Heap after GC invocations=35 (full 0):
 garbage-first heap   total 115712K, used 61619K [0x0000000080000000, 0x0000000100000000)
  region size 1024K, 4 young (4096K), 4 survivors (4096K)
 Metaspace       used 57094K, committed 58496K, reserved 1114112K
  class space    used 5955K, committed 6592K, reserved 1048576K
}
Event: 12.119 GC heap before
{Heap before GC invocations=35 (full 0):
 garbage-first heap   total 115712K, used 103603K [0x0000000080000000, 0x0000000100000000)
  region size 1024K, 45 young (46080K), 4 survivors (4096K)
 Metaspace       used 57107K, committed 58496K, reserved 1114112K
  class space    used 5956K, committed 6592K, reserved 1048576K
}
Event: 12.125 GC heap after
{Heap after GC invocations=36 (full 0):
 garbage-first heap   total 231424K, used 62830K [0x0000000080000000, 0x0000000100000000)
  region size 1024K, 4 young (4096K), 4 survivors (4096K)
 Metaspace       used 57107K, committed 58496K, reserved 1114112K
  class space    used 5956K, committed 6592K, reserved 1048576K
}
Event: 12.372 GC heap before
{Heap before GC invocations=37 (full 0):
 garbage-first heap   total 211968K, used 186734K [0x0000000080000000, 0x0000000100000000)
  region size 1024K, 124 young (126976K), 4 survivors (4096K)
 Metaspace       used 57368K, committed 58816K, reserved 1114112K
  class space    used 5990K, committed 6656K, reserved 1048576K
}
Event: 12.378 GC heap after
{Heap after GC invocations=38 (full 0):
 garbage-first heap   total 211968K, used 66644K [0x0000000080000000, 0x0000000100000000)
  region size 1024K, 7 young (7168K), 7 survivors (7168K)
 Metaspace       used 57368K, committed 58816K, reserved 1114112K
  class space    used 5990K, committed 6656K, reserved 1048576K
}
Event: 12.575 GC heap before
{Heap before GC invocations=38 (full 0):
 garbage-first heap   total 211968K, used 186452K [0x0000000080000000, 0x0000000100000000)
  region size 1024K, 124 young (126976K), 7 survivors (7168K)
 Metaspace       used 57598K, committed 59008K, reserved 1114112K
  class space    used 6008K, committed 6656K, reserved 1048576K
}
Event: 12.582 GC heap after
{Heap after GC invocations=39 (full 0):
 garbage-first heap   total 211968K, used 70226K [0x0000000080000000, 0x0000000100000000)
  region size 1024K, 11 young (11264K), 11 survivors (11264K)
 Metaspace       used 57598K, committed 59008K, reserved 1114112K
  class space    used 6008K, committed 6656K, reserved 1048576K
}
Event: 12.772 GC heap before
{Heap before GC invocations=39 (full 0):
 garbage-first heap   total 211968K, used 185938K [0x0000000080000000, 0x0000000100000000)
  region size 1024K, 124 young (126976K), 11 survivors (11264K)
 Metaspace       used 57747K, committed 59136K, reserved 1114112K
  class space    used 6011K, committed 6656K, reserved 1048576K
}
Event: 12.781 GC heap after
{Heap after GC invocations=40 (full 0):
 garbage-first heap   total 211968K, used 71480K [0x0000000080000000, 0x0000000100000000)
  region size 1024K, 10 young (10240K), 10 survivors (10240K)
 Metaspace       used 57747K, committed 59136K, reserved 1114112K
  class space    used 6011K, committed 6656K, reserved 1048576K
}
Event: 12.976 GC heap before
{Heap before GC invocations=40 (full 0):
 garbage-first heap   total 211968K, used 187192K [0x0000000080000000, 0x0000000100000000)
  region size 1024K, 124 young (126976K), 10 survivors (10240K)
 Metaspace       used 57909K, committed 59328K, reserved 1114112K
  class space    used 6013K, committed 6656K, reserved 1048576K
}
Event: 12.986 GC heap after
{Heap after GC invocations=41 (full 0):
 garbage-first heap   total 211968K, used 73356K [0x0000000080000000, 0x0000000100000000)
  region size 1024K, 11 young (11264K), 11 survivors (11264K)
 Metaspace       used 57909K, committed 59328K, reserved 1114112K
  class space    used 6013K, committed 6656K, reserved 1048576K
}
Event: 13.152 GC heap before
{Heap before GC invocations=41 (full 0):
 garbage-first heap   total 211968K, used 187020K [0x0000000080000000, 0x0000000100000000)
  region size 1024K, 123 young (125952K), 11 survivors (11264K)
 Metaspace       used 57997K, committed 59392K, reserved 1114112K
  class space    used 6013K, committed 6656K, reserved 1048576K
}
Event: 13.162 GC heap after
{Heap after GC invocations=42 (full 0):
 garbage-first heap   total 280576K, used 75801K [0x0000000080000000, 0x0000000100000000)
  region size 1024K, 10 young (10240K), 10 survivors (10240K)
 Metaspace       used 57997K, committed 59392K, reserved 1114112K
  class space    used 6013K, committed 6656K, reserved 1048576K
}
Event: 13.449 GC heap before
{Heap before GC invocations=42 (full 0):
 garbage-first heap   total 280576K, used 234521K [0x0000000080000000, 0x0000000100000000)
  region size 1024K, 164 young (167936K), 10 survivors (10240K)
 Metaspace       used 58104K, committed 59456K, reserved 1114112K
  class space    used 6016K, committed 6656K, reserved 1048576K
}
Event: 13.461 GC heap after
{Heap after GC invocations=43 (full 0):
 garbage-first heap   total 280576K, used 79070K [0x0000000080000000, 0x0000000100000000)
  region size 1024K, 13 young (13312K), 13 survivors (13312K)
 Metaspace       used 58104K, committed 59456K, reserved 1114112K
  class space    used 6016K, committed 6656K, reserved 1048576K
}
Event: 17.122 GC heap before
{Heap before GC invocations=43 (full 0):
 garbage-first heap   total 280576K, used 233694K [0x0000000080000000, 0x0000000100000000)
  region size 1024K, 164 young (167936K), 13 survivors (13312K)
 Metaspace       used 62188K, committed 63680K, reserved 1114112K
  class space    used 6444K, committed 7104K, reserved 1048576K
}
Event: 17.135 GC heap after
{Heap after GC invocations=44 (full 0):
 garbage-first heap   total 280576K, used 79884K [0x0000000080000000, 0x0000000100000000)
  region size 1024K, 13 young (13312K), 13 survivors (13312K)
 Metaspace       used 62188K, committed 63680K, reserved 1114112K
  class space    used 6444K, committed 7104K, reserved 1048576K
}
Event: 108.747 GC heap before
{Heap before GC invocations=44 (full 0):
 garbage-first heap   total 280576K, used 243724K [0x0000000080000000, 0x0000000100000000)
  region size 1024K, 164 young (167936K), 13 survivors (13312K)
 Metaspace       used 63451K, committed 64960K, reserved 1114112K
  class space    used 6557K, committed 7232K, reserved 1048576K
}
Event: 108.770 GC heap after
{Heap after GC invocations=45 (full 0):
 garbage-first heap   total 280576K, used 87936K [0x0000000080000000, 0x0000000100000000)
  region size 1024K, 17 young (17408K), 17 survivors (17408K)
 Metaspace       used 63451K, committed 64960K, reserved 1114112K
  class space    used 6557K, committed 7232K, reserved 1048576K
}

