# JRE version: OpenJDK Runtime Environment Temurin-21.0.6+7 (21.0.6+7) (build 21.0.6+7-LTS)
# Java VM: OpenJDK 64-Bit Server VM Temurin-21.0.6+7 (21.0.6+7-LTS, mixed mode, sharing, tiered, compressed oops, compressed class ptrs, g1 gc, windows-amd64)
GC Precious Log:
 CardTable entry size: 512
 Card Set container configuration: InlinePtr #cards 5 size 8 Array Of Cards #cards 12 size 40 Howl #buckets 4 coarsen threshold 1843 Howl Bitmap #cards 512 size 80 coarsen threshold 460 Card regions per heap region 1 cards per card region 2048
 CPUs: 12 total, 12 available
 Memory: 6005M
 Large Page Support: Disabled
 NUMA Support: Disabled
 Compressed Oops: Enabled (32-bit)
 Heap Region Size: 1M
 Heap Min Capacity: 8M
 Heap Initial Capacity: 94M
 Heap Max Capacity: 2G
 Pre-touch: Disabled
 Parallel Workers: 10
 Concurrent Workers: 3
 Concurrent Refinement Workers: 10
 Periodic GC: Disabled
Heap:
 garbage-first heap   total 271360K, used 121091K [0x0000000080000000, 0x0000000100000000)
  region size 1024K, 14 young (14336K), 14 survivors (14336K)
 Metaspace       used 65011K, committed 66560K, reserved 1114112K
  class space    used 6789K, committed 7488K, reserved 1048576K
GC Heap History (20 events):
Event: 27.171 GC heap after
{Heap after GC invocations=42 (full 0):
 garbage-first heap   total 218112K, used 111034K [0x0000000080000000, 0x0000000100000000)
  region size 1024K, 9 young (9216K), 9 survivors (9216K)
 Metaspace       used 62797K, committed 64192K, reserved 1114112K
  class space    used 6595K, committed 7168K, reserved 1048576K
}
Event: 27.451 GC heap before
{Heap before GC invocations=43 (full 0):
 garbage-first heap   total 218112K, used 184762K [0x0000000080000000, 0x0000000100000000)
  region size 1024K, 81 young (82944K), 9 survivors (9216K)
 Metaspace       used 62801K, committed 64192K, reserved 1114112K
  class space    used 6595K, committed 7168K, reserved 1048576K
}
Event: 27.459 GC heap after
{Heap after GC invocations=44 (full 0):
 garbage-first heap   total 271360K, used 112682K [0x0000000080000000, 0x0000000100000000)
  region size 1024K, 2 young (2048K), 2 survivors (2048K)
 Metaspace       used 62801K, committed 64192K, reserved 1114112K
  class space    used 6595K, committed 7168K, reserved 1048576K
}
Event: 28.361 GC heap before
{Heap before GC invocations=44 (full 0):
 garbage-first heap   total 271360K, used 214058K [0x0000000080000000, 0x0000000100000000)
  region size 1024K, 101 young (103424K), 2 survivors (2048K)
 Metaspace       used 63036K, committed 64512K, reserved 1114112K
  class space    used 6604K, committed 7232K, reserved 1048576K
}
Event: 28.365 GC heap after
{Heap after GC invocations=45 (full 0):
 garbage-first heap   total 271360K, used 110990K [0x0000000080000000, 0x0000000100000000)
  region size 1024K, 2 young (2048K), 2 survivors (2048K)
 Metaspace       used 63036K, committed 64512K, reserved 1114112K
  class space    used 6604K, committed 7232K, reserved 1048576K
}
Event: 29.103 GC heap before
{Heap before GC invocations=45 (full 0):
 garbage-first heap   total 271360K, used 233870K [0x0000000080000000, 0x0000000100000000)
  region size 1024K, 121 young (123904K), 2 survivors (2048K)
 Metaspace       used 63037K, committed 64512K, reserved 1114112K
  class space    used 6604K, committed 7232K, reserved 1048576K
}
Event: 29.106 GC heap after
{Heap after GC invocations=46 (full 0):
 garbage-first heap   total 271360K, used 112604K [0x0000000080000000, 0x0000000100000000)
  region size 1024K, 3 young (3072K), 3 survivors (3072K)
 Metaspace       used 63037K, committed 64512K, reserved 1114112K
  class space    used 6604K, committed 7232K, reserved 1048576K
}
Event: 31.149 GC heap before
{Heap before GC invocations=46 (full 0):
 garbage-first heap   total 271360K, used 239580K [0x0000000080000000, 0x0000000100000000)
  region size 1024K, 127 young (130048K), 3 survivors (3072K)
 Metaspace       used 63115K, committed 64576K, reserved 1114112K
  class space    used 6610K, committed 7232K, reserved 1048576K
}
Event: 31.155 GC heap after
{Heap after GC invocations=47 (full 0):
 garbage-first heap   total 271360K, used 114156K [0x0000000080000000, 0x0000000100000000)
  region size 1024K, 5 young (5120K), 5 survivors (5120K)
 Metaspace       used 63115K, committed 64576K, reserved 1114112K
  class space    used 6610K, committed 7232K, reserved 1048576K
}
Event: 31.303 GC heap before
{Heap before GC invocations=47 (full 0):
 garbage-first heap   total 271360K, used 244204K [0x0000000080000000, 0x0000000100000000)
  region size 1024K, 132 young (135168K), 5 survivors (5120K)
 Metaspace       used 63125K, committed 64576K, reserved 1114112K
  class space    used 6610K, committed 7232K, reserved 1048576K
}
Event: 31.323 GC heap after
{Heap after GC invocations=48 (full 0):
 garbage-first heap   total 271360K, used 114920K [0x0000000080000000, 0x0000000100000000)
  region size 1024K, 5 young (5120K), 5 survivors (5120K)
 Metaspace       used 63125K, committed 64576K, reserved 1114112K
  class space    used 6610K, committed 7232K, reserved 1048576K
}
Event: 31.565 GC heap before
{Heap before GC invocations=49 (full 0):
 garbage-first heap   total 271360K, used 249064K [0x0000000080000000, 0x0000000100000000)
  region size 1024K, 136 young (139264K), 5 survivors (5120K)
 Metaspace       used 63142K, committed 64640K, reserved 1114112K
  class space    used 6610K, committed 7232K, reserved 1048576K
}
Event: 31.595 GC heap after
{Heap after GC invocations=50 (full 0):
 garbage-first heap   total 271360K, used 115991K [0x0000000080000000, 0x0000000100000000)
  region size 1024K, 6 young (6144K), 6 survivors (6144K)
 Metaspace       used 63142K, committed 64640K, reserved 1114112K
  class space    used 6610K, committed 7232K, reserved 1048576K
}
Event: 31.789 GC heap before
{Heap before GC invocations=50 (full 0):
 garbage-first heap   total 271360K, used 250135K [0x0000000080000000, 0x0000000100000000)
  region size 1024K, 137 young (140288K), 6 survivors (6144K)
 Metaspace       used 63154K, committed 64640K, reserved 1114112K
  class space    used 6610K, committed 7232K, reserved 1048576K
}
Event: 31.797 GC heap after
{Heap after GC invocations=51 (full 0):
 garbage-first heap   total 271360K, used 114190K [0x0000000080000000, 0x0000000100000000)
  region size 1024K, 7 young (7168K), 7 survivors (7168K)
 Metaspace       used 63154K, committed 64640K, reserved 1114112K
  class space    used 6610K, committed 7232K, reserved 1048576K
}
Event: 31.949 GC heap before
{Heap before GC invocations=51 (full 0):
 garbage-first heap   total 271360K, used 249358K [0x0000000080000000, 0x0000000100000000)
  region size 1024K, 139 young (142336K), 7 survivors (7168K)
 Metaspace       used 63181K, committed 64640K, reserved 1114112K
  class space    used 6610K, committed 7232K, reserved 1048576K
}
Event: 31.961 GC heap after
{Heap after GC invocations=52 (full 0):
 garbage-first heap   total 271360K, used 117449K [0x0000000080000000, 0x0000000100000000)
  region size 1024K, 10 young (10240K), 10 survivors (10240K)
 Metaspace       used 63181K, committed 64640K, reserved 1114112K
  class space    used 6610K, committed 7232K, reserved 1048576K
}
Event: 32.165 GC heap before
{Heap before GC invocations=53 (full 0):
 garbage-first heap   total 271360K, used 247497K [0x0000000080000000, 0x0000000100000000)
  region size 1024K, 136 young (139264K), 10 survivors (10240K)
 Metaspace       used 63247K, committed 64768K, reserved 1114112K
  class space    used 6613K, committed 7296K, reserved 1048576K
}
Event: 32.176 GC heap after
{Heap after GC invocations=54 (full 0):
 garbage-first heap   total 271360K, used 117908K [0x0000000080000000, 0x0000000100000000)
  region size 1024K, 8 young (8192K), 8 survivors (8192K)
 Metaspace       used 63247K, committed 64768K, reserved 1114112K
  class space    used 6613K, committed 7296K, reserved 1048576K
}
Event: 32.773 GC heap before
{Heap before GC invocations=54 (full 0):
 garbage-first heap   total 271360K, used 247956K [0x0000000080000000, 0x0000000100000000)
  region size 1024K, 135 young (138240K), 8 survivors (8192K)
 Metaspace       used 65011K, committed 66560K, reserved 1114112K
  class space    used 6789K, committed 7488K, reserved 1048576K
}

